<?xml version="1.0" encoding="UTF-8"?>
<!-- Generated by org.testng.reporters.JUnitReportReporter -->
<testsuite hostname="DESKTOP-4S0UVB3" failures="0" tests="1" name="refer.Refertestng" time="15.119" errors="0" timestamp="2023-05-16T09:56:43 IST" skipped="0">
  <testcase classname="refer.Refertestng" name="test1" time="15.119"/>
  <system-out/>
</testsuite> <!-- refer.Refertestng -->
