<?xml version="1.0" encoding="UTF-8"?>
<!-- Generated by org.testng.reporters.JUnitReportReporter -->
<testsuite hostname="DESKTOP-4S0UVB3" failures="0" tests="1" name="Eventtest.eventtestng" time="25.386" errors="0" timestamp="2023-05-16T10:31:33 IST" skipped="0">
  <testcase classname="Eventtest.eventtestng" name="test1" time="25.386"/>
  <system-out/>
</testsuite> <!-- Eventtest.eventtestng -->
