<?xml version="1.0" encoding="UTF-8"?>
<!-- Generated by org.testng.reporters.JUnitReportReporter -->
<testsuite hostname="DESKTOP-4S0UVB3" failures="0" tests="1" name="goldsuvidha.multiple" time="10.894" errors="0" timestamp="2023-04-28T09:58:02 IST" skipped="0">
  <testcase classname="goldsuvidha.multiple" name="test2" time="10.894"/>
  <system-out/>
</testsuite> <!-- goldsuvidha.multiple -->
