<?xml version="1.0" encoding="UTF-8"?>
<!-- Generated by org.testng.reporters.JUnitReportReporter -->
<testsuite hostname="DESKTOP-4S0UVB3" failures="0" tests="1" name="setting.settingtestng" time="82.431" errors="0" timestamp="2023-05-15T11:56:43 IST" skipped="0">
  <testcase classname="setting.settingtestng" name="test1" time="82.431"/>
  <system-out/>
</testsuite> <!-- setting.settingtestng -->
