<?xml version="1.0" encoding="UTF-8"?>
<!-- Generated by org.testng.reporters.JUnitReportReporter -->
<testsuite hostname="DESKTOP-4S0UVB3" failures="0" tests="1" name="sprinttestng.logouttestng" time="8.661" errors="0" timestamp="2023-05-15T10:24:28 IST" skipped="0">
  <testcase classname="sprinttestng.logouttestng" name="test2" time="8.661"/>
  <system-out/>
</testsuite> <!-- sprinttestng.logouttestng -->
