<?xml version="1.0" encoding="UTF-8"?>
<!-- Generated by org.testng.reporters.JUnitReportReporter -->
<testsuite hostname="DESKTOP-4S0UVB3" failures="0" tests="1" name="sprinttestng.WalletTestNG" time="0.165" errors="0" timestamp="25 Apr 2023 05:14:47 GMT">
  <testcase classname="sprinttestng.WalletTestNG" name="test2" time="0.165"/>
</testsuite> <!-- sprinttestng.WalletTestNG -->
