<?xml version="1.0" encoding="UTF-8"?>
<!-- Generated by org.testng.reporters.JUnitReportReporter -->
<testsuite hostname="DESKTOP-4S0UVB3" failures="0" tests="1" name="goldsuvidha.transfertestng" time="13.132" errors="0" timestamp="2023-05-15T10:24:28 IST" skipped="0">
  <testcase classname="goldsuvidha.transfertestng" name="test1" time="13.132"/>
  <system-out/>
</testsuite> <!-- goldsuvidha.transfertestng -->
