<?xml version="1.0" encoding="UTF-8"?>
<!-- Generated by org.testng.reporters.JUnitReportReporter -->
<testsuite hostname="DESKTOP-4S0UVB3" failures="0" tests="1" name="goldsuvidha.Sellgoldtestng" time="35.714" errors="0" timestamp="2023-05-15T10:24:28 IST" skipped="0">
  <testcase classname="goldsuvidha.Sellgoldtestng" name="test2" time="35.714"/>
  <system-out/>
</testsuite> <!-- goldsuvidha.Sellgoldtestng -->
