<?xml version="1.0" encoding="UTF-8"?>
<!-- Generated by org.testng.reporters.JUnitReportReporter -->
<testsuite hostname="DESKTOP-4S0UVB3" failures="0" tests="1" name="dashboard.dashboardtestng" time="24.448" errors="0" timestamp="2023-05-15T10:54:42 IST" skipped="0">
  <testcase classname="dashboard.dashboardtestng" name="test" time="24.448"/>
  <system-out/>
</testsuite> <!-- dashboard.dashboardtestng -->
