<?xml version="1.0" encoding="UTF-8"?>
<!-- Generated by org.testng.reporters.JUnitReportReporter -->
<testsuite hostname="DESKTOP-4S0UVB3" failures="0" tests="1" name="goldsuvidha.buygoldbacctestng" time="632.443" errors="0" timestamp="2023-05-15T10:54:42 IST" skipped="0">
  <testcase classname="goldsuvidha.buygoldbacctestng" name="test1" time="632.443"/>
  <system-out/>
</testsuite> <!-- goldsuvidha.buygoldbacctestng -->
