<?xml version="1.0" encoding="UTF-8"?>
<!-- Generated by org.testng.reporters.JUnitReportReporter -->
<testsuite hostname="DESKTOP-4S0UVB3" failures="0" tests="1" name="feedback.Feedbacktestng" time="19.315" errors="0" timestamp="2023-05-15T17:50:50 IST" skipped="0">
  <testcase classname="feedback.Feedbacktestng" name="test1" time="19.315"/>
  <system-out/>
</testsuite> <!-- feedback.Feedbacktestng -->
