<?xml version="1.0" encoding="UTF-8"?>
<!-- Generated by org.testng.reporters.JUnitReportReporter -->
<testsuite hostname="DESKTOP-4S0UVB3" failures="0" tests="1" name="sprinttestng.sprinttestng" time="11.180" errors="0" timestamp="13 Apr 2023 05:06:47 GMT">
  <testcase classname="sprinttestng.sprinttestng" name="test1" time="11.180"/>
</testsuite> <!-- sprinttestng.sprinttestng -->
